2015-06-27 08:56:42.859 [main] INFO  org.eclipse.jetty.server.Server - jetty-8.1.8.v20121106
2015-06-27 08:56:43.032 [main] INFO  o.eclipse.jetty.webapp.StandardDescriptorProcessor - NO JSP Support for /, did not find org.apache.jasper.servlet.JspServlet
2015-06-27 08:56:43.047 [main] INFO  org.eclipse.jetty.server.handler.ContextHandler - started o.e.j.w.WebAppContext{/,file:/E:/siweifuwork/bbsManage/src/main/webapp/}
2015-06-27 08:56:43.047 [main] INFO  org.eclipse.jetty.server.handler.ContextHandler - started o.e.j.w.WebAppContext{/,file:/E:/siweifuwork/bbsManage/src/main/webapp/}
2015-06-27 08:56:43.797 [main] INFO  com.alibaba.druid.pool.DruidDataSource - {dataSource-1} inited
2015-06-27 08:56:43.922 [main] DEBUG net.sf.ehcache.config.ConfigurationFactory - Configuring ehcache from ehcache.xml found in the classpath: file:/E:/siweifuwork/bbsManage/target/classes/ehcache.xml
2015-06-27 08:56:43.922 [main] DEBUG net.sf.ehcache.config.ConfigurationFactory - Configuring ehcache from URL: file:/E:/siweifuwork/bbsManage/target/classes/ehcache.xml
2015-06-27 08:56:43.922 [main] DEBUG net.sf.ehcache.config.ConfigurationFactory - Configuring ehcache from InputStream
2015-06-27 08:56:43.943 [main] DEBUG net.sf.ehcache.config.DiskStoreConfiguration - Disk Store Path: C:\Users\lenovo\AppData\Local\Temp\
2015-06-27 08:56:43.960 [main] DEBUG net.sf.ehcache.CacheManager - Creating new CacheManager with default config
2015-06-27 08:56:43.966 [main] DEBUG net.sf.ehcache.util.PropertyUtil - propertiesString is null.
2015-06-27 08:56:43.980 [main] DEBUG net.sf.ehcache.config.ConfigurationHelper - No CacheManagerEventListenerFactory class specified. Skipping...
2015-06-27 08:56:44.244 [main] DEBUG net.sf.ehcache.Cache - No BootstrapCacheLoaderFactory class specified. Skipping...
2015-06-27 08:56:44.245 [main] DEBUG net.sf.ehcache.Cache - CacheWriter factory not configured. Skipping...
2015-06-27 08:56:44.246 [main] DEBUG net.sf.ehcache.config.ConfigurationHelper - No CacheExceptionHandlerFactory class specified. Skipping...
2015-06-27 08:56:44.251 [main] DEBUG net.sf.ehcache.Cache - No BootstrapCacheLoaderFactory class specified. Skipping...
2015-06-27 08:56:44.252 [main] DEBUG net.sf.ehcache.Cache - CacheWriter factory not configured. Skipping...
2015-06-27 08:56:44.252 [main] DEBUG net.sf.ehcache.config.ConfigurationHelper - No CacheExceptionHandlerFactory class specified. Skipping...
2015-06-27 08:56:44.252 [main] DEBUG net.sf.ehcache.Cache - No BootstrapCacheLoaderFactory class specified. Skipping...
2015-06-27 08:56:44.252 [main] DEBUG net.sf.ehcache.Cache - CacheWriter factory not configured. Skipping...
2015-06-27 08:56:44.252 [main] DEBUG net.sf.ehcache.config.ConfigurationHelper - No CacheExceptionHandlerFactory class specified. Skipping...
2015-06-27 08:56:44.284 [main] DEBUG net.sf.ehcache.store.MemoryStore - Initialized net.sf.ehcache.store.NotifyingMemoryStore for docker
2015-06-27 08:56:44.294 [main] DEBUG net.sf.ehcache.Cache - Initialised cache: docker
2015-06-27 08:56:44.295 [main] DEBUG net.sf.ehcache.config.ConfigurationHelper - CacheDecoratorFactory not configured. Skipping for 'docker'.
2015-06-27 08:56:44.295 [main] DEBUG net.sf.ehcache.config.ConfigurationHelper - CacheDecoratorFactory not configured for defaultCache. Skipping for 'docker'.
2015-06-27 08:56:44.295 [main] DEBUG net.sf.ehcache.store.MemoryStore - Initialized net.sf.ehcache.store.NotifyingMemoryStore for session
2015-06-27 08:56:44.296 [main] DEBUG net.sf.ehcache.Cache - Initialised cache: session
2015-06-27 08:56:44.296 [main] DEBUG net.sf.ehcache.config.ConfigurationHelper - CacheDecoratorFactory not configured. Skipping for 'session'.
2015-06-27 08:56:44.296 [main] DEBUG net.sf.ehcache.config.ConfigurationHelper - CacheDecoratorFactory not configured for defaultCache. Skipping for 'session'.
2015-06-27 08:56:44.522 [main] INFO  org.eclipse.jetty.server.AbstractConnector - Started SelectChannelConnector@0.0.0.0:8080
2015-06-27 09:06:27.759 [qtp540159270-20] INFO  com.bbs.manage.controller.ueditor.QiniuUtil - {"hash":"Foq8ND5QHdSPdABiZZ1h_nBUkId7","key":"1435367186698.torrent"}
2015-06-27 09:06:59.041 [main] INFO  org.eclipse.jetty.server.Server - jetty-8.1.8.v20121106
2015-06-27 09:06:59.213 [main] INFO  o.eclipse.jetty.webapp.StandardDescriptorProcessor - NO JSP Support for /, did not find org.apache.jasper.servlet.JspServlet
2015-06-27 09:06:59.260 [main] INFO  org.eclipse.jetty.server.handler.ContextHandler - started o.e.j.w.WebAppContext{/,file:/E:/siweifuwork/bbsManage/src/main/webapp/}
2015-06-27 09:06:59.260 [main] INFO  org.eclipse.jetty.server.handler.ContextHandler - started o.e.j.w.WebAppContext{/,file:/E:/siweifuwork/bbsManage/src/main/webapp/}
2015-06-27 09:06:59.915 [main] INFO  com.alibaba.druid.pool.DruidDataSource - {dataSource-1} inited
2015-06-27 09:07:00.095 [main] DEBUG net.sf.ehcache.config.ConfigurationFactory - Configuring ehcache from ehcache.xml found in the classpath: file:/E:/siweifuwork/bbsManage/target/classes/ehcache.xml
2015-06-27 09:07:00.110 [main] DEBUG net.sf.ehcache.config.ConfigurationFactory - Configuring ehcache from URL: file:/E:/siweifuwork/bbsManage/target/classes/ehcache.xml
2015-06-27 09:07:00.110 [main] DEBUG net.sf.ehcache.config.ConfigurationFactory - Configuring ehcache from InputStream
2015-06-27 09:07:00.126 [main] DEBUG net.sf.ehcache.config.DiskStoreConfiguration - Disk Store Path: C:\Users\lenovo\AppData\Local\Temp\
2015-06-27 09:07:00.158 [main] DEBUG net.sf.ehcache.CacheManager - Creating new CacheManager with default config
2015-06-27 09:07:00.174 [main] DEBUG net.sf.ehcache.util.PropertyUtil - propertiesString is null.
2015-06-27 09:07:00.189 [main] DEBUG net.sf.ehcache.config.ConfigurationHelper - No CacheManagerEventListenerFactory class specified. Skipping...
2015-06-27 09:07:00.439 [main] DEBUG net.sf.ehcache.Cache - No BootstrapCacheLoaderFactory class specified. Skipping...
2015-06-27 09:07:00.439 [main] DEBUG net.sf.ehcache.Cache - CacheWriter factory not configured. Skipping...
2015-06-27 09:07:00.439 [main] DEBUG net.sf.ehcache.config.ConfigurationHelper - No CacheExceptionHandlerFactory class specified. Skipping...
2015-06-27 09:07:00.439 [main] DEBUG net.sf.ehcache.Cache - No BootstrapCacheLoaderFactory class specified. Skipping...
2015-06-27 09:07:00.439 [main] DEBUG net.sf.ehcache.Cache - CacheWriter factory not configured. Skipping...
2015-06-27 09:07:00.439 [main] DEBUG net.sf.ehcache.config.ConfigurationHelper - No CacheExceptionHandlerFactory class specified. Skipping...
2015-06-27 09:07:00.439 [main] DEBUG net.sf.ehcache.Cache - No BootstrapCacheLoaderFactory class specified. Skipping...
2015-06-27 09:07:00.439 [main] DEBUG net.sf.ehcache.Cache - CacheWriter factory not configured. Skipping...
2015-06-27 09:07:00.439 [main] DEBUG net.sf.ehcache.config.ConfigurationHelper - No CacheExceptionHandlerFactory class specified. Skipping...
2015-06-27 09:07:00.470 [main] DEBUG net.sf.ehcache.store.MemoryStore - Initialized net.sf.ehcache.store.NotifyingMemoryStore for session
2015-06-27 09:07:00.486 [main] DEBUG net.sf.ehcache.Cache - Initialised cache: session
2015-06-27 09:07:00.486 [main] DEBUG net.sf.ehcache.config.ConfigurationHelper - CacheDecoratorFactory not configured. Skipping for 'session'.
2015-06-27 09:07:00.486 [main] DEBUG net.sf.ehcache.config.ConfigurationHelper - CacheDecoratorFactory not configured for defaultCache. Skipping for 'session'.
2015-06-27 09:07:00.486 [main] DEBUG net.sf.ehcache.store.MemoryStore - Initialized net.sf.ehcache.store.NotifyingMemoryStore for docker
2015-06-27 09:07:00.486 [main] DEBUG net.sf.ehcache.Cache - Initialised cache: docker
2015-06-27 09:07:00.486 [main] DEBUG net.sf.ehcache.config.ConfigurationHelper - CacheDecoratorFactory not configured. Skipping for 'docker'.
2015-06-27 09:07:00.486 [main] DEBUG net.sf.ehcache.config.ConfigurationHelper - CacheDecoratorFactory not configured for defaultCache. Skipping for 'docker'.
2015-06-27 09:07:00.735 [main] INFO  org.eclipse.jetty.server.AbstractConnector - Started SelectChannelConnector@0.0.0.0:8080
2015-06-27 09:07:10.836 [qtp1785507932-27] INFO  com.bbs.manage.controller.ueditor.QiniuUtil - {"hash":"Foq8ND5QHdSPdABiZZ1h_nBUkId7","key":"1435367230133.torrent"}
2015-06-27 09:09:15.601 [qtp1785507932-28] INFO  com.bbs.manage.controller.ueditor.QiniuUtil - {"hash":"Fi5VvJOnb1Eq5S7AmERZ-EDK-ESl","key":"1435367355019.jpg"}
2015-06-27 09:10:37.052 [qtp1785507932-25] INFO  com.bbs.manage.controller.ueditor.QiniuUtil - {"hash":"Fi5VvJOnb1Eq5S7AmERZ-EDK-ESl","key":"1435367436890.jpg"}
2015-06-27 09:11:14.492 [qtp1785507932-26] INFO  com.bbs.manage.controller.ueditor.QiniuUtil - {"hash":"Foq8ND5QHdSPdABiZZ1h_nBUkId7","key":"1435367474236.torrent"}
2015-06-27 09:20:40.690 [qtp1785507932-23] INFO  com.bbs.manage.controller.ueditor.QiniuUtil - {"hash":"Foq8ND5QHdSPdABiZZ1h_nBUkId7","key":"1435368039938.torrent"}
2015-06-27 09:27:33.905 [qtp1785507932-25] INFO  com.bbs.manage.controller.ueditor.QiniuUtil - {"hash":"Foq8ND5QHdSPdABiZZ1h_nBUkId7","key":"1435368453454.torrent"}
2015-06-27 09:33:25.666 [qtp1785507932-24] INFO  com.bbs.manage.controller.ueditor.QiniuUtil - {"hash":"Foq8ND5QHdSPdABiZZ1h_nBUkId7","key":"1435368805231.torrent"}
2015-06-27 09:39:53.515 [qtp1785507932-27] INFO  com.bbs.manage.controller.ueditor.QiniuUtil - {"hash":"Foq8ND5QHdSPdABiZZ1h_nBUkId7","key":"1435369192913.torrent"}
2015-06-27 09:42:40.988 [qtp1785507932-26] INFO  com.bbs.manage.controller.ueditor.QiniuUtil - {"hash":"Foq8ND5QHdSPdABiZZ1h_nBUkId7","key":"1435369360360.torrent"}
2015-06-27 09:43:11.487 [qtp1785507932-28] INFO  com.bbs.manage.controller.ueditor.QiniuUtil - {"hash":"Foq8ND5QHdSPdABiZZ1h_nBUkId7","key":"1435369391262.torrent"}
2015-06-27 09:44:26.045 [qtp1785507932-27] INFO  com.bbs.manage.controller.ueditor.QiniuUtil - {"hash":"Foq8ND5QHdSPdABiZZ1h_nBUkId7","key":"1435369464848.torrent"}
2015-06-27 09:44:49.857 [qtp1785507932-24] INFO  com.bbs.manage.controller.ueditor.QiniuUtil - {"hash":"Foq8ND5QHdSPdABiZZ1h_nBUkId7","key":"1435369489542.torrent"}
2015-06-27 09:45:29.099 [qtp1785507932-27] INFO  com.bbs.manage.controller.ueditor.QiniuUtil - {"hash":"Foq8ND5QHdSPdABiZZ1h_nBUkId7","key":"1435369528873.torrent"}
2015-06-27 09:46:39.800 [qtp1785507932-28] INFO  com.bbs.manage.controller.ueditor.QiniuUtil - {"hash":"Foq8ND5QHdSPdABiZZ1h_nBUkId7","key":"1435369599011.torrent"}
2015-06-27 09:53:25.670 [qtp1785507932-27] INFO  com.bbs.manage.controller.ueditor.QiniuUtil - {"hash":"Foq8ND5QHdSPdABiZZ1h_nBUkId7","key":"1435370005020.torrent"}
2015-06-27 09:54:21.139 [qtp1785507932-28] INFO  com.bbs.manage.controller.ueditor.QiniuUtil - {"hash":"Foq8ND5QHdSPdABiZZ1h_nBUkId7","key":"1435370060917.torrent"}
2015-06-27 09:54:46.378 [qtp1785507932-25] INFO  com.bbs.manage.controller.ueditor.QiniuUtil - {"hash":"Foq8ND5QHdSPdABiZZ1h_nBUkId7","key":"1435370086180.torrent"}
2015-06-27 09:57:05.986 [qtp1785507932-23] INFO  com.bbs.manage.controller.ueditor.QiniuUtil - {"hash":"Foq8ND5QHdSPdABiZZ1h_nBUkId7","key":"1435370224922.torrent"}
2015-06-27 09:59:53.404 [qtp1785507932-26] INFO  com.bbs.manage.controller.ueditor.QiniuUtil - {"hash":"Foq8ND5QHdSPdABiZZ1h_nBUkId7","key":"1435370393013.torrent"}
2015-06-27 10:03:10.223 [qtp1785507932-23] INFO  com.bbs.manage.controller.ueditor.QiniuUtil - {"hash":"Foq8ND5QHdSPdABiZZ1h_nBUkId7","key":"1435370589765.torrent"}
2015-06-27 10:09:25.268 [qtp1785507932-25] INFO  com.bbs.manage.controller.ueditor.QiniuUtil - {"hash":"Foq8ND5QHdSPdABiZZ1h_nBUkId7","key":"1435370964240.torrent"}
2015-06-27 10:10:39.025 [qtp1785507932-26] INFO  com.bbs.manage.controller.ueditor.QiniuUtil - {"hash":"Foq8ND5QHdSPdABiZZ1h_nBUkId7","key":"1435371038771.torrent"}
2015-06-27 10:11:34.454 [qtp1785507932-27] INFO  com.bbs.manage.controller.ueditor.QiniuUtil - {"hash":"Foq8ND5QHdSPdABiZZ1h_nBUkId7","key":"1435371094249.torrent"}
2015-06-27 10:15:21.409 [qtp1785507932-28] INFO  com.bbs.manage.controller.ueditor.QiniuUtil - {"hash":"Foq8ND5QHdSPdABiZZ1h_nBUkId7","key":"1435371320589.torrent"}
2015-06-27 10:17:04.666 [qtp1785507932-27] INFO  com.bbs.manage.controller.ueditor.QiniuUtil - {"hash":"Foq8ND5QHdSPdABiZZ1h_nBUkId7","key":"1435371424429.torrent"}
2015-06-27 10:26:28.697 [qtp1785507932-25] INFO  com.bbs.manage.controller.ueditor.QiniuUtil - {"hash":"Foq8ND5QHdSPdABiZZ1h_nBUkId7","key":"1435371987602.torrent"}
2015-06-27 10:27:24.998 [qtp1785507932-26] INFO  com.bbs.manage.controller.ueditor.QiniuUtil - {"hash":"Foq8ND5QHdSPdABiZZ1h_nBUkId7","key":"1435372044761.torrent"}
2015-06-27 10:33:27.238 [qtp1785507932-26] INFO  com.bbs.manage.controller.ueditor.QiniuUtil - {"hash":"Foq8ND5QHdSPdABiZZ1h_nBUkId7","key":"1435372405920.torrent"}
2015-06-27 10:42:53.662 [qtp1785507932-23] INFO  com.bbs.manage.controller.ueditor.QiniuUtil - {"hash":"Foq8ND5QHdSPdABiZZ1h_nBUkId7","key":"1435372972267.torrent"}
2015-06-27 10:43:31.583 [qtp1785507932-23] INFO  com.bbs.manage.controller.ueditor.QiniuUtil - {"hash":"Foq8ND5QHdSPdABiZZ1h_nBUkId7","key":"1435373010820.torrent"}
2015-06-27 10:44:34.274 [qtp1785507932-28] INFO  com.bbs.manage.controller.ueditor.QiniuUtil - {"hash":"Foq8ND5QHdSPdABiZZ1h_nBUkId7","key":"1435373074018.torrent"}
2015-06-27 10:57:38.144 [qtp1785507932-28] INFO  com.bbs.manage.controller.ueditor.QiniuUtil - {"hash":"Foq8ND5QHdSPdABiZZ1h_nBUkId7","key":"1435373856982.torrent"}
2015-06-27 10:58:30.554 [qtp1785507932-26] INFO  com.bbs.manage.controller.ueditor.QiniuUtil - {"hash":"Foq8ND5QHdSPdABiZZ1h_nBUkId7","key":"1435373910353.torrent"}
2015-06-27 10:59:16.403 [qtp1785507932-28] INFO  com.bbs.manage.controller.ueditor.QiniuUtil - {"hash":"Foq8ND5QHdSPdABiZZ1h_nBUkId7","key":"1435373956197.torrent"}
2015-06-27 12:08:04.491 [qtp1785507932-27] INFO  com.bbs.manage.controller.ueditor.QiniuUtil - {"hash":"Fi5VvJOnb1Eq5S7AmERZ-EDK-ESl","key":"1435378083953.jpg"}
2015-06-27 12:08:09.604 [qtp1785507932-25] INFO  com.bbs.manage.controller.ueditor.QiniuUtil - {"hash":"FpCkKAx2rfLV02ixbgqPFzWHHxYp","key":"1435378089384.gif"}
2015-06-27 12:08:13.929 [qtp1785507932-23] INFO  com.bbs.manage.controller.ueditor.QiniuUtil - {"hash":"Fohk-V9gEJLbC7k3nz-HU0njZDTD","key":"1435378093815.png"}
2015-06-27 12:08:18.606 [qtp1785507932-24] INFO  com.bbs.manage.controller.ueditor.QiniuUtil - {"hash":"Foq8ND5QHdSPdABiZZ1h_nBUkId7","key":"1435378098383.torrent"}
2015-06-27 13:02:58.590 [JFinal-Scanner] INFO  com.alibaba.druid.pool.DruidDataSource - {dataSource-1} closed
2015-06-27 13:02:58.590 [JFinal-Scanner] INFO  org.eclipse.jetty.server.handler.ContextHandler - stopped o.e.j.w.WebAppContext{/,file:/E:/siweifuwork/bbsManage/src/main/webapp/}
2015-06-27 13:02:58.923 [JFinal-Scanner] INFO  o.eclipse.jetty.webapp.StandardDescriptorProcessor - NO JSP Support for /, did not find org.apache.jasper.servlet.JspServlet
2015-06-27 13:02:58.923 [JFinal-Scanner] INFO  org.eclipse.jetty.server.handler.ContextHandler - started o.e.j.w.WebAppContext{/,file:/E:/siweifuwork/bbsManage/src/main/webapp/}
2015-06-27 13:02:58.923 [JFinal-Scanner] INFO  org.eclipse.jetty.server.handler.ContextHandler - started o.e.j.w.WebAppContext{/,file:/E:/siweifuwork/bbsManage/src/main/webapp/}
2015-06-27 13:02:59.606 [JFinal-Scanner] INFO  com.alibaba.druid.pool.DruidDataSource - {dataSource-1} inited
2015-06-27 13:02:59.958 [JFinal-Scanner] DEBUG net.sf.ehcache.config.ConfigurationFactory - Configuring ehcache from ehcache.xml found in the classpath: file:/E:/siweifuwork/bbsManage/target/classes/ehcache.xml
2015-06-27 13:02:59.958 [JFinal-Scanner] DEBUG net.sf.ehcache.config.ConfigurationFactory - Configuring ehcache from URL: file:/E:/siweifuwork/bbsManage/target/classes/ehcache.xml
2015-06-27 13:02:59.960 [JFinal-Scanner] DEBUG net.sf.ehcache.config.ConfigurationFactory - Configuring ehcache from InputStream
2015-06-27 13:02:59.980 [JFinal-Scanner] DEBUG net.sf.ehcache.config.DiskStoreConfiguration - Disk Store Path: C:\Users\lenovo\AppData\Local\Temp\
2015-06-27 13:03:00.000 [JFinal-Scanner] DEBUG net.sf.ehcache.CacheManager - Creating new CacheManager with default config
2015-06-27 13:03:00.006 [JFinal-Scanner] DEBUG net.sf.ehcache.util.PropertyUtil - propertiesString is null.
2015-06-27 13:03:00.021 [JFinal-Scanner] DEBUG net.sf.ehcache.config.ConfigurationHelper - No CacheManagerEventListenerFactory class specified. Skipping...
2015-06-27 13:03:00.037 [JFinal-Scanner] DEBUG net.sf.ehcache.Cache - No BootstrapCacheLoaderFactory class specified. Skipping...
2015-06-27 13:03:00.037 [JFinal-Scanner] DEBUG net.sf.ehcache.Cache - CacheWriter factory not configured. Skipping...
2015-06-27 13:03:00.037 [JFinal-Scanner] DEBUG net.sf.ehcache.config.ConfigurationHelper - No CacheExceptionHandlerFactory class specified. Skipping...
2015-06-27 13:03:00.052 [JFinal-Scanner] DEBUG net.sf.ehcache.Cache - No BootstrapCacheLoaderFactory class specified. Skipping...
2015-06-27 13:03:00.052 [JFinal-Scanner] DEBUG net.sf.ehcache.Cache - CacheWriter factory not configured. Skipping...
2015-06-27 13:03:00.052 [JFinal-Scanner] DEBUG net.sf.ehcache.config.ConfigurationHelper - No CacheExceptionHandlerFactory class specified. Skipping...
2015-06-27 13:03:00.052 [JFinal-Scanner] DEBUG net.sf.ehcache.Cache - No BootstrapCacheLoaderFactory class specified. Skipping...
2015-06-27 13:03:00.052 [JFinal-Scanner] DEBUG net.sf.ehcache.Cache - CacheWriter factory not configured. Skipping...
2015-06-27 13:03:00.052 [JFinal-Scanner] DEBUG net.sf.ehcache.config.ConfigurationHelper - No CacheExceptionHandlerFactory class specified. Skipping...
2015-06-27 13:03:00.068 [JFinal-Scanner] DEBUG net.sf.ehcache.store.MemoryStore - Initialized net.sf.ehcache.store.NotifyingMemoryStore for docker
2015-06-27 13:03:00.084 [JFinal-Scanner] DEBUG net.sf.ehcache.Cache - Initialised cache: docker
2015-06-27 13:03:00.084 [JFinal-Scanner] DEBUG net.sf.ehcache.config.ConfigurationHelper - CacheDecoratorFactory not configured. Skipping for 'docker'.
2015-06-27 13:03:00.084 [JFinal-Scanner] DEBUG net.sf.ehcache.config.ConfigurationHelper - CacheDecoratorFactory not configured for defaultCache. Skipping for 'docker'.
2015-06-27 13:03:00.084 [JFinal-Scanner] DEBUG net.sf.ehcache.store.MemoryStore - Initialized net.sf.ehcache.store.NotifyingMemoryStore for session
2015-06-27 13:03:00.084 [JFinal-Scanner] DEBUG net.sf.ehcache.Cache - Initialised cache: session
2015-06-27 13:03:00.084 [JFinal-Scanner] DEBUG net.sf.ehcache.config.ConfigurationHelper - CacheDecoratorFactory not configured. Skipping for 'session'.
2015-06-27 13:03:00.084 [JFinal-Scanner] DEBUG net.sf.ehcache.config.ConfigurationHelper - CacheDecoratorFactory not configured for defaultCache. Skipping for 'session'.
2015-06-27 13:03:15.918 [qtp1785507932-25] INFO  com.bbs.manage.controller.ueditor.QiniuUtil - {"hash":"Fi5VvJOnb1Eq5S7AmERZ-EDK-ESl","key":"1435381395330.jpg"}
2015-06-27 13:03:21.671 [qtp1785507932-27] INFO  com.bbs.manage.controller.ueditor.QiniuUtil - {"hash":"FvE7Wh8Bc0tX4ipPi8HL5uDKAIIe","key":"1435381401487.jpg"}
2015-06-27 13:03:26.644 [qtp1785507932-27] INFO  com.bbs.manage.controller.ueditor.QiniuUtil - {"hash":"Fohk-V9gEJLbC7k3nz-HU0njZDTD","key":"1435381406553.png"}
2015-06-27 13:03:31.438 [qtp1785507932-27] INFO  com.bbs.manage.controller.ueditor.QiniuUtil - {"hash":"Foq8ND5QHdSPdABiZZ1h_nBUkId7","key":"1435381411200.torrent"}
2015-06-27 13:14:14.179 [qtp1785507932-25] ERROR com.jfinal.core.ActionHandler - /admin/mv_list
com.jfinal.plugin.activerecord.ActiveRecordException: java.sql.SQLException: sql injection violation, syntax error: syntax error, error in :'ND t.like ? AND t.isDeleted=0 ',expect QUES, actual QUES like : select count(*)  FROM t_movie t WHERE 1 = 1 AND t.like ? AND t.isDeleted=0 
	at com.jfinal.plugin.activerecord.Model.paginate(Model.java:235) ~[jfinal-1.9.jar:na]
	at com.bbs.manage.model.TMovie.findAllMvPage(TMovie.java:180) ~[classes/:na]
	at com.bbs.manage.controller.admin.AdminController.mv_list(AdminController.java:102) ~[classes/:na]
	at sun.reflect.GeneratedMethodAccessor27.invoke(Unknown Source) ~[na:na]
	at sun.reflect.DelegatingMethodAccessorImpl.invoke(DelegatingMethodAccessorImpl.java:43) ~[na:1.8.0_45]
	at java.lang.reflect.Method.invoke(Method.java:497) ~[na:1.8.0_45]
	at com.jfinal.core.ActionInvocation.invoke(ActionInvocation.java:55) ~[jfinal-1.9.jar:na]
	at com.jfinal.core.ActionHandler.handle(ActionHandler.java:77) ~[jfinal-1.9.jar:na]
	at com.jfinal.plugin.druid.DruidStatViewHandler.handle(DruidStatViewHandler.java:75) [jfinal-1.9.jar:na]
	at com.bbs.ext.handler.StaticHandler.handle(StaticHandler.java:40) [classes/:na]
	at com.jfinal.core.JFinalFilter.doFilter(JFinalFilter.java:72) [jfinal-1.9.jar:na]
	at org.eclipse.jetty.servlet.ServletHandler$CachedChain.doFilter(ServletHandler.java:1307) [jetty-servlet-8.1.8.v20121106.jar:8.1.8.v20121106]
	at org.eclipse.jetty.servlet.ServletHandler.doHandle(ServletHandler.java:453) [jetty-servlet-8.1.8.v20121106.jar:8.1.8.v20121106]
	at org.eclipse.jetty.server.handler.ScopedHandler.handle(ScopedHandler.java:137) [jetty-server-8.1.8.v20121106.jar:8.1.8.v20121106]
	at org.eclipse.jetty.security.SecurityHandler.handle(SecurityHandler.java:560) [jetty-server-8.1.8.jar:8.1.8.v20121106]
	at org.eclipse.jetty.server.session.SessionHandler.doHandle(SessionHandler.java:231) [jetty-server-8.1.8.v20121106.jar:8.1.8.v20121106]
	at org.eclipse.jetty.server.handler.ContextHandler.doHandle(ContextHandler.java:1072) [jetty-server-8.1.8.v20121106.jar:8.1.8.v20121106]
	at org.eclipse.jetty.servlet.ServletHandler.doScope(ServletHandler.java:382) [jetty-servlet-8.1.8.v20121106.jar:8.1.8.v20121106]
	at org.eclipse.jetty.server.session.SessionHandler.doScope(SessionHandler.java:193) [jetty-server-8.1.8.v20121106.jar:8.1.8.v20121106]
	at org.eclipse.jetty.server.handler.ContextHandler.doScope(ContextHandler.java:1006) [jetty-server-8.1.8.v20121106.jar:8.1.8.v20121106]
	at org.eclipse.jetty.server.handler.ScopedHandler.handle(ScopedHandler.java:135) [jetty-server-8.1.8.v20121106.jar:8.1.8.v20121106]
	at org.eclipse.jetty.server.handler.HandlerWrapper.handle(HandlerWrapper.java:116) [jetty-server-8.1.8.v20121106.jar:8.1.8.v20121106]
	at org.eclipse.jetty.server.Server.handle(Server.java:365) [jetty-server-8.1.8.v20121106.jar:8.1.8.v20121106]
	at org.eclipse.jetty.server.AbstractHttpConnection.handleRequest(AbstractHttpConnection.java:485) [jetty-server-8.1.8.v20121106.jar:8.1.8.v20121106]
	at org.eclipse.jetty.server.AbstractHttpConnection.content(AbstractHttpConnection.java:937) [jetty-server-8.1.8.v20121106.jar:8.1.8.v20121106]
	at org.eclipse.jetty.server.AbstractHttpConnection$RequestHandler.content(AbstractHttpConnection.java:998) [jetty-server-8.1.8.v20121106.jar:8.1.8.v20121106]
	at org.eclipse.jetty.http.HttpParser.parseNext(HttpParser.java:856) [jetty-http-8.1.8.v20121106.jar:8.1.8.v20121106]
	at org.eclipse.jetty.http.HttpParser.parseAvailable(HttpParser.java:240) [jetty-http-8.1.8.v20121106.jar:8.1.8.v20121106]
	at org.eclipse.jetty.server.AsyncHttpConnection.handle(AsyncHttpConnection.java:82) [jetty-server-8.1.8.v20121106.jar:8.1.8.v20121106]
	at org.eclipse.jetty.io.nio.SelectChannelEndPoint.handle(SelectChannelEndPoint.java:628) [jetty-io-8.1.8.v20121106.jar:8.1.8.v20121106]
	at org.eclipse.jetty.io.nio.SelectChannelEndPoint$1.run(SelectChannelEndPoint.java:52) [jetty-io-8.1.8.v20121106.jar:8.1.8.v20121106]
	at org.eclipse.jetty.util.thread.QueuedThreadPool.runJob(QueuedThreadPool.java:608) [jetty-util-8.1.8.v20121106.jar:8.1.8.v20121106]
	at org.eclipse.jetty.util.thread.QueuedThreadPool$3.run(QueuedThreadPool.java:543) [jetty-util-8.1.8.v20121106.jar:8.1.8.v20121106]
	at java.lang.Thread.run(Thread.java:745) [na:1.8.0_45]
Caused by: java.sql.SQLException: sql injection violation, syntax error: syntax error, error in :'ND t.like ? AND t.isDeleted=0 ',expect QUES, actual QUES like : select count(*)  FROM t_movie t WHERE 1 = 1 AND t.like ? AND t.isDeleted=0 
	at com.alibaba.druid.wall.WallFilter.check(WallFilter.java:711) ~[druid-1.0.14.jar:1.0.14]
	at com.alibaba.druid.wall.WallFilter.connection_prepareStatement(WallFilter.java:240) ~[druid-1.0.14.jar:1.0.14]
	at com.alibaba.druid.filter.FilterChainImpl.connection_prepareStatement(FilterChainImpl.java:448) ~[druid-1.0.14.jar:1.0.14]
	at com.alibaba.druid.filter.FilterAdapter.connection_prepareStatement(FilterAdapter.java:928) ~[druid-1.0.14.jar:1.0.14]
	at com.alibaba.druid.filter.FilterEventAdapter.connection_prepareStatement(FilterEventAdapter.java:122) ~[druid-1.0.14.jar:1.0.14]
	at com.alibaba.druid.filter.FilterChainImpl.connection_prepareStatement(FilterChainImpl.java:448) ~[druid-1.0.14.jar:1.0.14]
	at com.alibaba.druid.filter.FilterAdapter.connection_prepareStatement(FilterAdapter.java:928) ~[druid-1.0.14.jar:1.0.14]
	at com.alibaba.druid.filter.FilterEventAdapter.connection_prepareStatement(FilterEventAdapter.java:122) ~[druid-1.0.14.jar:1.0.14]
	at com.alibaba.druid.filter.FilterChainImpl.connection_prepareStatement(FilterChainImpl.java:448) ~[druid-1.0.14.jar:1.0.14]
	at com.alibaba.druid.proxy.jdbc.ConnectionProxyImpl.prepareStatement(ConnectionProxyImpl.java:342) ~[druid-1.0.14.jar:1.0.14]
	at com.alibaba.druid.pool.DruidPooledConnection.prepareStatement(DruidPooledConnection.java:318) ~[druid-1.0.14.jar:1.0.14]
	at sun.reflect.GeneratedMethodAccessor20.invoke(Unknown Source) ~[na:na]
	at sun.reflect.DelegatingMethodAccessorImpl.invoke(DelegatingMethodAccessorImpl.java:43) ~[na:1.8.0_45]
	at java.lang.reflect.Method.invoke(Method.java:497) ~[na:1.8.0_45]
	at com.jfinal.plugin.activerecord.SqlReporter.invoke(SqlReporter.java:58) ~[jfinal-1.9.jar:na]
	at com.sun.proxy.$Proxy6.prepareStatement(Unknown Source) ~[na:na]
	at com.jfinal.plugin.activerecord.DbPro.query(DbPro.java:67) ~[jfinal-1.9.jar:na]
	at com.jfinal.plugin.activerecord.Db.query(Db.java:40) ~[jfinal-1.9.jar:na]
	at com.jfinal.plugin.activerecord.Model.paginate(Model.java:250) ~[jfinal-1.9.jar:na]
	at com.jfinal.plugin.activerecord.Model.paginate(Model.java:233) ~[jfinal-1.9.jar:na]
	... 33 common frames omitted
Caused by: com.alibaba.druid.sql.parser.ParserException: syntax error, error in :'ND t.like ? AND t.isDeleted=0 ',expect QUES, actual QUES like
	at com.alibaba.druid.sql.parser.SQLParser.printError(SQLParser.java:230) ~[druid-1.0.14.jar:1.0.14]
	at com.alibaba.druid.sql.parser.SQLStatementParser.parseStatementList(SQLStatementParser.java:325) ~[druid-1.0.14.jar:1.0.14]
	at com.alibaba.druid.sql.parser.SQLStatementParser.parseStatementList(SQLStatementParser.java:121) ~[druid-1.0.14.jar:1.0.14]
	at com.alibaba.druid.wall.WallProvider.checkInternal(WallProvider.java:620) ~[druid-1.0.14.jar:1.0.14]
	at com.alibaba.druid.wall.WallProvider.check(WallProvider.java:574) ~[druid-1.0.14.jar:1.0.14]
	at com.alibaba.druid.wall.WallFilter.check(WallFilter.java:699) ~[druid-1.0.14.jar:1.0.14]
	... 52 common frames omitted
2015-06-27 13:15:36.673 [JFinal-Scanner] INFO  com.alibaba.druid.pool.DruidDataSource - {dataSource-1} closed
2015-06-27 13:15:36.673 [JFinal-Scanner] INFO  org.eclipse.jetty.server.handler.ContextHandler - stopped o.e.j.w.WebAppContext{/,file:/E:/siweifuwork/bbsManage/src/main/webapp/}
2015-06-27 13:15:37.048 [JFinal-Scanner] INFO  o.eclipse.jetty.webapp.StandardDescriptorProcessor - NO JSP Support for /, did not find org.apache.jasper.servlet.JspServlet
2015-06-27 13:15:37.048 [JFinal-Scanner] INFO  org.eclipse.jetty.server.handler.ContextHandler - started o.e.j.w.WebAppContext{/,file:/E:/siweifuwork/bbsManage/src/main/webapp/}
2015-06-27 13:15:37.048 [JFinal-Scanner] INFO  org.eclipse.jetty.server.handler.ContextHandler - started o.e.j.w.WebAppContext{/,file:/E:/siweifuwork/bbsManage/src/main/webapp/}
2015-06-27 13:15:37.532 [JFinal-Scanner] INFO  com.alibaba.druid.pool.DruidDataSource - {dataSource-1} inited
2015-06-27 13:15:37.656 [JFinal-Scanner] DEBUG net.sf.ehcache.config.ConfigurationFactory - Configuring ehcache from ehcache.xml found in the classpath: file:/E:/siweifuwork/bbsManage/target/classes/ehcache.xml
2015-06-27 13:15:37.656 [JFinal-Scanner] DEBUG net.sf.ehcache.config.ConfigurationFactory - Configuring ehcache from URL: file:/E:/siweifuwork/bbsManage/target/classes/ehcache.xml
2015-06-27 13:15:37.656 [JFinal-Scanner] DEBUG net.sf.ehcache.config.ConfigurationFactory - Configuring ehcache from InputStream
2015-06-27 13:15:37.672 [JFinal-Scanner] DEBUG net.sf.ehcache.config.DiskStoreConfiguration - Disk Store Path: C:\Users\lenovo\AppData\Local\Temp\
2015-06-27 13:15:37.688 [JFinal-Scanner] DEBUG net.sf.ehcache.CacheManager - Creating new CacheManager with default config
2015-06-27 13:15:37.703 [JFinal-Scanner] DEBUG net.sf.ehcache.util.PropertyUtil - propertiesString is null.
2015-06-27 13:15:37.720 [JFinal-Scanner] DEBUG net.sf.ehcache.config.ConfigurationHelper - No CacheManagerEventListenerFactory class specified. Skipping...
2015-06-27 13:15:37.751 [JFinal-Scanner] DEBUG net.sf.ehcache.Cache - No BootstrapCacheLoaderFactory class specified. Skipping...
2015-06-27 13:15:37.751 [JFinal-Scanner] DEBUG net.sf.ehcache.Cache - CacheWriter factory not configured. Skipping...
2015-06-27 13:15:37.751 [JFinal-Scanner] DEBUG net.sf.ehcache.config.ConfigurationHelper - No CacheExceptionHandlerFactory class specified. Skipping...
2015-06-27 13:15:37.751 [JFinal-Scanner] DEBUG net.sf.ehcache.Cache - No BootstrapCacheLoaderFactory class specified. Skipping...
2015-06-27 13:15:37.751 [JFinal-Scanner] DEBUG net.sf.ehcache.Cache - CacheWriter factory not configured. Skipping...
2015-06-27 13:15:37.751 [JFinal-Scanner] DEBUG net.sf.ehcache.config.ConfigurationHelper - No CacheExceptionHandlerFactory class specified. Skipping...
2015-06-27 13:15:37.751 [JFinal-Scanner] DEBUG net.sf.ehcache.Cache - No BootstrapCacheLoaderFactory class specified. Skipping...
2015-06-27 13:15:37.751 [JFinal-Scanner] DEBUG net.sf.ehcache.Cache - CacheWriter factory not configured. Skipping...
2015-06-27 13:15:37.751 [JFinal-Scanner] DEBUG net.sf.ehcache.config.ConfigurationHelper - No CacheExceptionHandlerFactory class specified. Skipping...
2015-06-27 13:15:37.767 [JFinal-Scanner] DEBUG net.sf.ehcache.store.MemoryStore - Initialized net.sf.ehcache.store.NotifyingMemoryStore for docker
2015-06-27 13:15:37.782 [JFinal-Scanner] DEBUG net.sf.ehcache.Cache - Initialised cache: docker
2015-06-27 13:15:37.782 [JFinal-Scanner] DEBUG net.sf.ehcache.config.ConfigurationHelper - CacheDecoratorFactory not configured. Skipping for 'docker'.
2015-06-27 13:15:37.782 [JFinal-Scanner] DEBUG net.sf.ehcache.config.ConfigurationHelper - CacheDecoratorFactory not configured for defaultCache. Skipping for 'docker'.
2015-06-27 13:15:37.782 [JFinal-Scanner] DEBUG net.sf.ehcache.store.MemoryStore - Initialized net.sf.ehcache.store.NotifyingMemoryStore for session
2015-06-27 13:15:37.782 [JFinal-Scanner] DEBUG net.sf.ehcache.Cache - Initialised cache: session
2015-06-27 13:15:37.782 [JFinal-Scanner] DEBUG net.sf.ehcache.config.ConfigurationHelper - CacheDecoratorFactory not configured. Skipping for 'session'.
2015-06-27 13:15:37.782 [JFinal-Scanner] DEBUG net.sf.ehcache.config.ConfigurationHelper - CacheDecoratorFactory not configured for defaultCache. Skipping for 'session'.
2015-06-27 13:19:22.675 [qtp1785507932-25] WARN  com.jfinal.core.ActionHandler - 404 Action Not Found: /afdsafdsf/dfdsafsdfdsfdsaf
2015-06-27 13:19:30.351 [qtp1785507932-27] WARN  com.jfinal.core.ActionHandler - 404 Action Not Found: /afdsafdsf/dfdsafsdfdsfdsaf
2015-06-27 13:20:44.739 [qtp1785507932-28] WARN  com.jfinal.core.ActionHandler - 404 Action Not Found: /afdsafdsf/dfdsafsdfdsfdsaf
2015-06-27 13:20:52.403 [qtp1785507932-27] WARN  com.jfinal.core.ActionHandler - 404 Action Not Found: /ajax/session
2015-06-27 13:20:53.241 [qtp1785507932-28] WARN  com.jfinal.core.ActionHandler - 404 Action Not Found: /ajax/session
2015-06-27 13:20:53.763 [qtp1785507932-25] WARN  com.jfinal.core.ActionHandler - 404 Action Not Found: /ajax/session
2015-06-27 13:20:54.248 [qtp1785507932-23] WARN  com.jfinal.core.ActionHandler - 404 Action Not Found: /ajax/session
2015-06-27 13:20:54.479 [qtp1785507932-24] WARN  com.jfinal.core.ActionHandler - 404 Action Not Found: /ajax/session
2015-06-27 13:20:54.674 [qtp1785507932-28] WARN  com.jfinal.core.ActionHandler - 404 Action Not Found: /ajax/session
2015-06-27 13:20:54.885 [qtp1785507932-25] WARN  com.jfinal.core.ActionHandler - 404 Action Not Found: /ajax/session
2015-06-27 20:40:54.693 [qtp1785507932-26] INFO  com.bbs.manage.controller.ueditor.QiniuUtil - {"hash":"Fv1tjTHI3Fg_CDc3oMeD7tXHXZEr","key":"1435408852742.jpg"}
