2015-06-26 22:12:46.909 [main] INFO  org.eclipse.jetty.server.Server - jetty-8.1.8.v20121106
2015-06-26 22:12:47.116 [main] INFO  o.eclipse.jetty.webapp.StandardDescriptorProcessor - NO JSP Support for /, did not find org.apache.jasper.servlet.JspServlet
2015-06-26 22:12:47.152 [main] INFO  org.eclipse.jetty.server.handler.ContextHandler - started o.e.j.w.WebAppContext{/,file:/E:/siweifuwork/bbsManage/src/main/webapp/}
2015-06-26 22:12:47.152 [main] INFO  org.eclipse.jetty.server.handler.ContextHandler - started o.e.j.w.WebAppContext{/,file:/E:/siweifuwork/bbsManage/src/main/webapp/}
2015-06-26 22:12:47.922 [main] INFO  com.alibaba.druid.pool.DruidDataSource - {dataSource-1} inited
2015-06-26 22:12:48.081 [main] DEBUG net.sf.ehcache.config.ConfigurationFactory - Configuring ehcache from ehcache.xml found in the classpath: file:/E:/siweifuwork/bbsManage/target/classes/ehcache.xml
2015-06-26 22:12:48.081 [main] DEBUG net.sf.ehcache.config.ConfigurationFactory - Configuring ehcache from URL: file:/E:/siweifuwork/bbsManage/target/classes/ehcache.xml
2015-06-26 22:12:48.081 [main] DEBUG net.sf.ehcache.config.ConfigurationFactory - Configuring ehcache from InputStream
2015-06-26 22:12:48.104 [main] DEBUG net.sf.ehcache.config.DiskStoreConfiguration - Disk Store Path: C:\Users\lenovo\AppData\Local\Temp\
2015-06-26 22:12:48.122 [main] DEBUG net.sf.ehcache.CacheManager - Creating new CacheManager with default config
2015-06-26 22:12:48.129 [main] DEBUG net.sf.ehcache.util.PropertyUtil - propertiesString is null.
2015-06-26 22:12:48.141 [main] DEBUG net.sf.ehcache.config.ConfigurationHelper - No CacheManagerEventListenerFactory class specified. Skipping...
2015-06-26 22:12:48.406 [main] DEBUG net.sf.ehcache.Cache - No BootstrapCacheLoaderFactory class specified. Skipping...
2015-06-26 22:12:48.406 [main] DEBUG net.sf.ehcache.Cache - CacheWriter factory not configured. Skipping...
2015-06-26 22:12:48.408 [main] DEBUG net.sf.ehcache.config.ConfigurationHelper - No CacheExceptionHandlerFactory class specified. Skipping...
2015-06-26 22:12:48.417 [main] DEBUG net.sf.ehcache.Cache - No BootstrapCacheLoaderFactory class specified. Skipping...
2015-06-26 22:12:48.418 [main] DEBUG net.sf.ehcache.Cache - CacheWriter factory not configured. Skipping...
2015-06-26 22:12:48.418 [main] DEBUG net.sf.ehcache.config.ConfigurationHelper - No CacheExceptionHandlerFactory class specified. Skipping...
2015-06-26 22:12:48.418 [main] DEBUG net.sf.ehcache.Cache - No BootstrapCacheLoaderFactory class specified. Skipping...
2015-06-26 22:12:48.418 [main] DEBUG net.sf.ehcache.Cache - CacheWriter factory not configured. Skipping...
2015-06-26 22:12:48.418 [main] DEBUG net.sf.ehcache.config.ConfigurationHelper - No CacheExceptionHandlerFactory class specified. Skipping...
2015-06-26 22:12:48.437 [main] DEBUG net.sf.ehcache.store.MemoryStore - Initialized net.sf.ehcache.store.NotifyingMemoryStore for docker
2015-06-26 22:12:48.457 [main] DEBUG net.sf.ehcache.Cache - Initialised cache: docker
2015-06-26 22:12:48.457 [main] DEBUG net.sf.ehcache.config.ConfigurationHelper - CacheDecoratorFactory not configured. Skipping for 'docker'.
2015-06-26 22:12:48.457 [main] DEBUG net.sf.ehcache.config.ConfigurationHelper - CacheDecoratorFactory not configured for defaultCache. Skipping for 'docker'.
2015-06-26 22:12:48.458 [main] DEBUG net.sf.ehcache.store.MemoryStore - Initialized net.sf.ehcache.store.NotifyingMemoryStore for session
2015-06-26 22:12:48.458 [main] DEBUG net.sf.ehcache.Cache - Initialised cache: session
2015-06-26 22:12:48.458 [main] DEBUG net.sf.ehcache.config.ConfigurationHelper - CacheDecoratorFactory not configured. Skipping for 'session'.
2015-06-26 22:12:48.458 [main] DEBUG net.sf.ehcache.config.ConfigurationHelper - CacheDecoratorFactory not configured for defaultCache. Skipping for 'session'.
2015-06-26 22:12:48.702 [main] INFO  org.eclipse.jetty.server.AbstractConnector - Started SelectChannelConnector@0.0.0.0:8080
